<?xml version="1.0" encoding="UTF-8"?>
<!-- Generated by org.testng.reporters.JUnitXMLReporter -->
<testsuite hostname="DESKTOP-HE938KB" ignored="3" name="SmokeTesting" tests="4" failures="0" timestamp="28 Jun 2018 19:01:03 GMT" time="0.064" errors="0">
  <testcase name="Corola" time="0.008" classname="testNgDemo.NewTest"/>
  <testcase name="MBW" time="0.004" classname="testNgDemo.NewTest"/>
  <testcase name="MDX" time="0.002" classname="testNgDemo.NewTest"/>
  <testcase name="Rogue" time="0.003" classname="testNgDemo.NewTest"/>
  <testcase name="motocycle" time="0.0" classname="testNgDemo.NewTest">
    <ignored/>
  </testcase> <!-- motocycle -->
  <testcase name="Scooter" time="0.0" classname="testNgDemo.NewTest">
    <ignored/>
  </testcase> <!-- Scooter -->
  <testcase name="Cycle" time="0.0" classname="testNgDemo.NewTest">
    <ignored/>
  </testcase> <!-- Cycle -->
</testsuite> <!-- SmokeTesting -->
